<!--

Tests for MySQL spatial functions should not contain empty geometries.
In MySQL these are stored as null objects.

  -->

<TestData>

    <Element>
        <id>1</id>
        <type>POINT</type>
        <wkt>POINT(10 5)</wkt>
        <srid>4326</srid>
    </Element>
    <Element>
        <id>2</id>
        <type>POINT</type>
        <wkt>POINT(52.25 2.53)</wkt>
        <srid>4326</srid>
    </Element>
    <Element>
        <id>3</id>
        <type>POINT</type>
        <wkt>POINT(51 12)</wkt>
        <srid>4326</srid>
    </Element>
    <Element>
        <id>4</id>
        <type>POINT</type>
        <wkt>POINT(10.0 2.0)</wkt>
        <srid>4326</srid>
    </Element>


    <Element>
        <id>5</id>
        <type>LINESTRING</type>
        <wkt>LINESTRING(10.0 5.0, 20.0 15.0)</wkt>
        <srid>4326</srid>
    </Element>
    <Element>
        <id>6</id>
        <type>LINESTRING</type>
        <wkt>LINESTRING(10.0 5.0, 20.0 15.0, 30.3 22.4, 10 30.0)</wkt>
        <srid>4326</srid>
    </Element>


    <Element>
        <id>16</id>
        <type>POLYGON</type>
        <wkt>POLYGON( (0 0, 0 10, 10 10, 10 0, 0 0) )</wkt>
        <srid>4326</srid>
    </Element>
    <Element>
        <id>18</id>
        <type>POLYGON</type>
        <wkt>POLYGON( (0 0, 0 10, 10 10, 10 0, 0 0), (2 2, 2 5, 5 5,5 2, 2 2))</wkt>
        <srid>4326</srid>
    </Element>
    <Element>
        <id>19</id>
        <type>POLYGON</type>
        <wkt>POLYGON( (110 110, 110 120, 120 120, 120 110, 110 110) )</wkt>
        <srid>4326</srid>
    </Element>

</TestData>
